<?xml version="1.0" encoding="UTF-8"?>
<!-- Generated by org.testng.reporters.JUnitReportReporter -->
<testsuite hostname="NODHRSPG03EKWY" failures="0" tests="2" name="farmeWork.Test.ErrorValidations" time="21.091" errors="0" timestamp="2023-09-12T08:00:25 IST" skipped="0">
  <testcase classname="farmeWork.Test.ErrorValidations" name="productErrorValidation" time="16.866"/>
  <testcase classname="farmeWork.Test.ErrorValidations" name="sumitOrder" time="4.225"/>
</testsuite> <!-- farmeWork.Test.ErrorValidations -->
