<?xml version="1.0" encoding="UTF-8"?>
<!-- Generated by org.testng.reporters.JUnitReportReporter -->
<testsuite hostname="NODHRSPG03EKWY" failures="0" tests="2" name="farmeWork.Test.SummitOrderTest2" time="23.431" errors="0" timestamp="2023-09-12T08:00:25 IST" skipped="0">
  <testcase classname="farmeWork.Test.SummitOrderTest2" name="OrderHistoryTest" time="4.688"/>
  <testcase classname="farmeWork.Test.SummitOrderTest2" name="submitOrder" time="18.743"/>
</testsuite> <!-- farmeWork.Test.SummitOrderTest2 -->
