<?xml version="1.0" encoding="UTF-8"?>
<!-- Generated by org.testng.reporters.JUnitReportReporter -->
<testsuite hostname="NODHRSPG03EKWY" failures="0" tests="3" name="farmeWork.Test.SummitOrderTest4" time="44.708" errors="0" timestamp="2023-09-11T12:30:45 IST" skipped="0">
  <testcase classname="farmeWork.Test.SummitOrderTest4" name="submitOrder" time="21.282"/>
  <testcase classname="farmeWork.Test.SummitOrderTest4" name="OrderHistoryTest" time="3.009"/>
  <testcase classname="farmeWork.Test.SummitOrderTest4" name="submitOrder" time="20.417"/>
</testsuite> <!-- farmeWork.Test.SummitOrderTest4 -->
